<?xml version="1.0" encoding="UTF-8"?>
<testng-results ignored="0" total="1" passed="1" failed="0" skipped="0">
  <reporter-output>
  </reporter-output>
  <suite started-at="2023-01-02T21:26:43 CET" name="Default suite" finished-at="2023-01-02T21:27:00 CET" duration-ms="17013">
    <groups>
    </groups>
    <test started-at="2023-01-02T21:26:43 CET" name="Default test" finished-at="2023-01-02T21:27:00 CET" duration-ms="17013">
      <class name="test_Cases_NopCommerce_Demo_WebPage.EndToEndAsGuest">
        <test-method is-config="true" signature="start()[pri:0, instance:test_Cases_NopCommerce_Demo_WebPage.EndToEndAsGuest@6a28ffa4]" started-at="2023-01-02T21:26:43 CET" name="start" finished-at="2023-01-02T21:26:45 CET" duration-ms="2010" status="PASS">
          <reporter-output>
          </reporter-output>
        </test-method> <!-- start -->
        <test-method signature="ednToEndScenarioAsGuest()[pri:0, instance:test_Cases_NopCommerce_Demo_WebPage.EndToEndAsGuest@6a28ffa4]" started-at="2023-01-02T21:26:45 CET" name="ednToEndScenarioAsGuest" finished-at="2023-01-02T21:27:00 CET" duration-ms="14827" status="PASS">
          <reporter-output>
          </reporter-output>
        </test-method> <!-- ednToEndScenarioAsGuest -->
        <test-method is-config="true" signature="quit()[pri:0, instance:test_Cases_NopCommerce_Demo_WebPage.EndToEndAsGuest@6a28ffa4]" started-at="2023-01-02T21:27:00 CET" name="quit" finished-at="2023-01-02T21:27:00 CET" duration-ms="149" status="PASS">
          <reporter-output>
          </reporter-output>
        </test-method> <!-- quit -->
      </class> <!-- test_Cases_NopCommerce_Demo_WebPage.EndToEndAsGuest -->
    </test> <!-- Default test -->
  </suite> <!-- Default suite -->
</testng-results>
