<?xml version="1.0" encoding="UTF-8"?>
<testng-results ignored="0" total="1" passed="1" failed="0" skipped="0">
  <reporter-output>
  </reporter-output>
  <suite started-at="2022-12-13T18:18:28 CET" name="Default suite" finished-at="2022-12-13T18:18:36 CET" duration-ms="8939">
    <groups>
    </groups>
    <test started-at="2022-12-13T18:18:28 CET" name="Default test" finished-at="2022-12-13T18:18:36 CET" duration-ms="8939">
      <class name="testCasesHomework6.EndToEndAsGuest">
        <test-method is-config="true" signature="start()[pri:0, instance:testCasesHomework6.EndToEndAsGuest@6a400542]" started-at="2022-12-13T18:18:28 CET" name="start" finished-at="2022-12-13T18:18:30 CET" duration-ms="2550" status="PASS">
          <reporter-output>
          </reporter-output>
        </test-method> <!-- start -->
        <test-method signature="ednToEndScenarioAsGuest()[pri:0, instance:testCasesHomework6.EndToEndAsGuest@6a400542]" started-at="2022-12-13T18:18:30 CET" name="ednToEndScenarioAsGuest" finished-at="2022-12-13T18:18:36 CET" duration-ms="6364" status="PASS">
          <reporter-output>
          </reporter-output>
        </test-method> <!-- ednToEndScenarioAsGuest -->
      </class> <!-- testCasesHomework6.EndToEndAsGuest -->
    </test> <!-- Default test -->
  </suite> <!-- Default suite -->
</testng-results>
